This file contains any messages produced by compilers while
running configure, to aid debugging if configure makes a mistake.

It was created by cligraph configure 0.1, which was
generated by GNU Autoconf 2.69.  Invocation command line was

  $ ./configure 

## --------- ##
## Platform. ##
## --------- ##

hostname = exodus
uname -m = x86_64
uname -r = 3.11.6-1-ARCH
uname -s = Linux
uname -v = #1 SMP PREEMPT Fri Oct 18 23:22:36 CEST 2013

/usr/bin/uname -p = unknown
/bin/uname -X     = unknown

/bin/arch              = unknown
/usr/bin/arch -k       = unknown
/usr/convex/getsysinfo = unknown
/usr/bin/hostinfo      = unknown
/bin/machine           = unknown
/usr/bin/oslevel       = unknown
/bin/universe          = unknown

PATH: /usr/local/sbin
PATH: /usr/local/bin
PATH: /usr/bin
PATH: /usr/bin/core_perl
PATH: .
PATH: .


## ----------- ##
## Core tests. ##
## ----------- ##

configure:1779: checking for gcc
configure:1795: found /usr/bin/gcc
configure:1806: result: gcc
configure:2035: checking for C compiler version
configure:2044: gcc --version >&5
gcc (GCC) 4.8.2
Copyright (C) 2013 Free Software Foundation, Inc.
This is free software; see the source for copying conditions.  There is NO
warranty; not even for MERCHANTABILITY or FITNESS FOR A PARTICULAR PURPOSE.

configure:2055: $? = 0
configure:2044: gcc -v >&5
Using built-in specs.
COLLECT_GCC=gcc
COLLECT_LTO_WRAPPER=/usr/lib/gcc/x86_64-unknown-linux-gnu/4.8.2/lto-wrapper
Target: x86_64-unknown-linux-gnu
Configured with: /build/gcc/src/gcc-4.8.2/configure --prefix=/usr --libdir=/usr/lib --libexecdir=/usr/lib --mandir=/usr/share/man --infodir=/usr/share/info --with-bugurl=https://bugs.archlinux.org/ --enable-languages=c,c++,ada,fortran,go,lto,objc,obj-c++ --enable-shared --enable-threads=posix --with-system-zlib --enable-__cxa_atexit --disable-libunwind-exceptions --enable-clocale=gnu --disable-libstdcxx-pch --enable-gnu-unique-object --enable-linker-build-id --enable-cloog-backend=isl --disable-cloog-version-check --enable-lto --enable-gold --enable-ld=default --enable-plugin --with-plugin-ld=ld.gold --with-linker-hash-style=gnu --disable-install-libiberty --disable-multilib --disable-libssp --disable-werror --enable-checking=release
Thread model: posix
gcc version 4.8.2 (GCC) 
configure:2055: $? = 0
configure:2044: gcc -V >&5
gcc: error: unrecognized command line option '-V'
gcc: fatal error: no input files
compilation terminated.
configure:2055: $? = 1
configure:2044: gcc -qversion >&5
gcc: error: unrecognized command line option '-qversion'
gcc: fatal error: no input files
compilation terminated.
configure:2055: $? = 1
configure:2075: checking whether the C compiler works
configure:2097: gcc    conftest.c  >&5
configure:2101: $? = 0
configure:2149: result: yes
configure:2152: checking for C compiler default output file name
configure:2154: result: a.out
configure:2160: checking for suffix of executables
configure:2167: gcc -o conftest    conftest.c  >&5
configure:2171: $? = 0
configure:2193: result: 
configure:2215: checking whether we are cross compiling
configure:2223: gcc -o conftest    conftest.c  >&5
configure:2227: $? = 0
configure:2234: ./conftest
configure:2238: $? = 0
configure:2253: result: no
configure:2258: checking for suffix of object files
configure:2280: gcc -c   conftest.c >&5
configure:2284: $? = 0
configure:2305: result: o
configure:2309: checking whether we are using the GNU C compiler
configure:2328: gcc -c   conftest.c >&5
configure:2328: $? = 0
configure:2337: result: yes
configure:2346: checking whether gcc accepts -g
configure:2366: gcc -c -g  conftest.c >&5
configure:2366: $? = 0
configure:2407: result: yes
configure:2424: checking for gcc option to accept ISO C89
configure:2487: gcc  -c -g -O2  conftest.c >&5
configure:2487: $? = 0
configure:2500: result: none needed
configure:2673: creating ./config.status

## ---------------------- ##
## Running config.status. ##
## ---------------------- ##

This file was extended by cligraph config.status 0.1, which was
generated by GNU Autoconf 2.69.  Invocation command line was

  CONFIG_FILES    = 
  CONFIG_HEADERS  = 
  CONFIG_LINKS    = 
  CONFIG_COMMANDS = 
  $ ./config.status 

on exodus

config.status:706: error: cannot find input file: `Makefile.in'

## ---------------- ##
## Cache variables. ##
## ---------------- ##

ac_cv_c_compiler_gnu=yes
ac_cv_env_CC_set=
ac_cv_env_CC_value=
ac_cv_env_CFLAGS_set=
ac_cv_env_CFLAGS_value=
ac_cv_env_CPPFLAGS_set=
ac_cv_env_CPPFLAGS_value=
ac_cv_env_LDFLAGS_set=
ac_cv_env_LDFLAGS_value=
ac_cv_env_LIBS_set=
ac_cv_env_LIBS_value=
ac_cv_env_build_alias_set=
ac_cv_env_build_alias_value=
ac_cv_env_host_alias_set=
ac_cv_env_host_alias_value=
ac_cv_env_target_alias_set=
ac_cv_env_target_alias_value=
ac_cv_objext=o
ac_cv_prog_ac_ct_CC=gcc
ac_cv_prog_cc_c89=
ac_cv_prog_cc_g=yes

## ----------------- ##
## Output variables. ##
## ----------------- ##

CC='gcc'
CFLAGS='-g -O2'
CPPFLAGS=''
DEFS='-DPACKAGE_NAME=\"cligraph\" -DPACKAGE_TARNAME=\"cligraph\" -DPACKAGE_VERSION=\"0.1\" -DPACKAGE_STRING=\"cligraph\ 0.1\" -DPACKAGE_BUGREPORT=\"noah.harvey247@gmail.com\" -DPACKAGE_URL=\"\"'
ECHO_C=''
ECHO_N='-n'
ECHO_T=''
EXEEXT=''
LDFLAGS=''
LIBOBJS=''
LIBS=''
LTLIBOBJS=''
OBJEXT='o'
PACKAGE_BUGREPORT='noah.harvey247@gmail.com'
PACKAGE_NAME='cligraph'
PACKAGE_STRING='cligraph 0.1'
PACKAGE_TARNAME='cligraph'
PACKAGE_URL=''
PACKAGE_VERSION='0.1'
PATH_SEPARATOR=':'
SHELL='/bin/sh'
ac_ct_CC='gcc'
bindir='${exec_prefix}/bin'
build_alias=''
datadir='${datarootdir}'
datarootdir='${prefix}/share'
docdir='${datarootdir}/doc/${PACKAGE_TARNAME}'
dvidir='${docdir}'
exec_prefix='${prefix}'
host_alias=''
htmldir='${docdir}'
includedir='${prefix}/include'
infodir='${datarootdir}/info'
libdir='${exec_prefix}/lib'
libexecdir='${exec_prefix}/libexec'
localedir='${datarootdir}/locale'
localstatedir='${prefix}/var'
mandir='${datarootdir}/man'
oldincludedir='/usr/include'
pdfdir='${docdir}'
prefix='/usr/local'
program_transform_name='s,x,x,'
psdir='${docdir}'
sbindir='${exec_prefix}/sbin'
sharedstatedir='${prefix}/com'
sysconfdir='${prefix}/etc'
target_alias=''

## ----------- ##
## confdefs.h. ##
## ----------- ##

/* confdefs.h */
#define PACKAGE_NAME "cligraph"
#define PACKAGE_TARNAME "cligraph"
#define PACKAGE_VERSION "0.1"
#define PACKAGE_STRING "cligraph 0.1"
#define PACKAGE_BUGREPORT "noah.harvey247@gmail.com"
#define PACKAGE_URL ""

configure: exit 1
